[2026-07-21 00:40:31] INFO [scripts.bidding_scraper.base_crawler:201] 健康检查: 3/3 个数据源健康
[2026-07-21 00:40:31] INFO [scripts.bidding_scraper.base_crawler:154] [中国招标投标公共服务平台] 开始抓取
[2026-07-21 00:40:32] INFO [scripts.bidding_scraper.utils:88] [中国招标投标公共服务平台] 搜索关键词: 铁塔
[2026-07-21 00:40:32] ERROR [scripts.bidding_scraper.utils:199] [中国招标投标公共服务平台] 请求失败: 405 Client Error: Not Allowed for url: http://www.cebpubservice.com/ctpsp_iiss/searchbusinesstypebeforedooraction/getStringMethod.do
[2026-07-21 00:40:35] ERROR [scripts.bidding_scraper.utils:199] [中国招标投标公共服务平台] 请求失败: 405 Client Error: Not Allowed for url: http://www.cebpubservice.com/ctpsp_iiss/searchbusinesstypebeforedooraction/getStringMethod.do
[2026-07-21 00:40:36] ERROR [scripts.bidding_scraper.utils:199] [中国招标投标公共服务平台] 请求失败: 405 Client Error: Not Allowed for url: http://www.cebpubservice.com/ctpsp_iiss/searchbusinesstypebeforedooraction/getStringMethod.do
[2026-07-21 00:40:38] ERROR [scripts.bidding_scraper.utils:199] [中国招标投标公共服务平台] 请求失败: 405 Client Error: Not Allowed for url: http://www.cebpubservice.com/ctpsp_iiss/searchbusinesstypebeforedooraction/getStringMethod.do
[2026-07-21 00:40:47] INFO [scripts.bidding_scraper.utils:88] [中国招标投标公共服务平台] 搜索关键词: 塔桅
[2026-07-21 00:40:48] ERROR [scripts.bidding_scraper.utils:199] [中国招标投标公共服务平台] 请求失败: 405 Client Error: Not Allowed for url: http://www.cebpubservice.com/ctpsp_iiss/searchbusinesstypebeforedooraction/getStringMethod.do
[2026-07-21 00:40:50] ERROR [scripts.bidding_scraper.utils:199] [中国招标投标公共服务平台] 请求失败: 405 Client Error: Not Allowed for url: http://www.cebpubservice.com/ctpsp_iiss/searchbusinesstypebeforedooraction/getStringMethod.do
[2026-07-21 00:40:51] ERROR [scripts.bidding_scraper.utils:199] [中国招标投标公共服务平台] 请求失败: 405 Client Error: Not Allowed for url: http://www.cebpubservice.com/ctpsp_iiss/searchbusinesstypebeforedooraction/getStringMethod.do
[2026-07-21 00:40:54] ERROR [scripts.bidding_scraper.utils:199] [中国招标投标公共服务平台] 请求失败: 405 Client Error: Not Allowed for url: http://www.cebpubservice.com/ctpsp_iiss/searchbusinesstypebeforedooraction/getStringMethod.do
[2026-07-21 00:41:01] INFO [scripts.bidding_scraper.utils:88] [中国招标投标公共服务平台] 搜索关键词: 广播电视
[2026-07-21 00:41:01] ERROR [scripts.bidding_scraper.utils:199] [中国招标投标公共服务平台] 请求失败: 405 Client Error: Not Allowed for url: http://www.cebpubservice.com/ctpsp_iiss/searchbusinesstypebeforedooraction/getStringMethod.do
[2026-07-21 00:41:04] ERROR [scripts.bidding_scraper.utils:199] [中国招标投标公共服务平台] 请求失败: 405 Client Error: Not Allowed for url: http://www.cebpubservice.com/ctpsp_iiss/searchbusinesstypebeforedooraction/getStringMethod.do
[2026-07-21 00:41:06] ERROR [scripts.bidding_scraper.utils:199] [中国招标投标公共服务平台] 请求失败: 405 Client Error: Not Allowed for url: http://www.cebpubservice.com/ctpsp_iiss/searchbusinesstypebeforedooraction/getStringMethod.do
[2026-07-21 00:41:08] ERROR [scripts.bidding_scraper.utils:199] [中国招标投标公共服务平台] 请求失败: 405 Client Error: Not Allowed for url: http://www.cebpubservice.com/ctpsp_iiss/searchbusinesstypebeforedooraction/getStringMethod.do
[2026-07-21 00:41:15] INFO [scripts.bidding_scraper.utils:88] [中国招标投标公共服务平台] 搜索关键词: 发射台
[2026-07-21 00:41:15] ERROR [scripts.bidding_scraper.utils:199] [中国招标投标公共服务平台] 请求失败: 405 Client Error: Not Allowed for url: http://www.cebpubservice.com/ctpsp_iiss/searchbusinesstypebeforedooraction/getStringMethod.do
[2026-07-21 00:41:17] ERROR [scripts.bidding_scraper.utils:199] [中国招标投标公共服务平台] 请求失败: 405 Client Error: Not Allowed for url: http://www.cebpubservice.com/ctpsp_iiss/searchbusinesstypebeforedooraction/getStringMethod.do
[2026-07-21 00:41:20] ERROR [scripts.bidding_scraper.utils:199] [中国招标投标公共服务平台] 请求失败: 405 Client Error: Not Allowed for url: http://www.cebpubservice.com/ctpsp_iiss/searchbusinesstypebeforedooraction/getStringMethod.do
[2026-07-21 00:41:22] ERROR [scripts.bidding_scraper.utils:199] [中国招标投标公共服务平台] 请求失败: 405 Client Error: Not Allowed for url: http://www.cebpubservice.com/ctpsp_iiss/searchbusinesstypebeforedooraction/getStringMethod.do
[2026-07-21 00:41:35] INFO [scripts.bidding_scraper.utils:88] [中国招标投标公共服务平台] 搜索关键词: 发射塔
[2026-07-21 00:41:35] ERROR [scripts.bidding_scraper.utils:199] [中国招标投标公共服务平台] 请求失败: 405 Client Error: Not Allowed for url: http://www.cebpubservice.com/ctpsp_iiss/searchbusinesstypebeforedooraction/getStringMethod.do
[2026-07-21 00:41:37] ERROR [scripts.bidding_scraper.utils:199] [中国招标投标公共服务平台] 请求失败: 405 Client Error: Not Allowed for url: http://www.cebpubservice.com/ctpsp_iiss/searchbusinesstypebeforedooraction/getStringMethod.do
[2026-07-21 00:41:38] ERROR [scripts.bidding_scraper.utils:199] [中国招标投标公共服务平台] 请求失败: 405 Client Error: Not Allowed for url: http://www.cebpubservice.com/ctpsp_iiss/searchbusinesstypebeforedooraction/getStringMethod.do
[2026-07-21 00:41:40] ERROR [scripts.bidding_scraper.utils:199] [中国招标投标公共服务平台] 请求失败: 405 Client Error: Not Allowed for url: http://www.cebpubservice.com/ctpsp_iiss/searchbusinesstypebeforedooraction/getStringMethod.do
[2026-07-21 00:41:42] INFO [scripts.bidding_scraper.base_crawler:108] [中国招标投标公共服务平台] 日期过滤: 0 -> 0 条（最近7天）
[2026-07-21 00:41:42] INFO [scripts.bidding_scraper.base_crawler:128] [中国招标投标公共服务平台] 成功获取 0 条招标信息
[2026-07-21 00:41:42] INFO [scripts.bidding_scraper.base_crawler:184] 等待 20 秒后继续...
[2026-07-21 00:42:02] INFO [scripts.bidding_scraper.base_crawler:154] [中国铁塔电子采购平台] 开始抓取
[2026-07-21 00:42:02] INFO [scripts.bidding_scraper.utils:128] [中国铁塔电子采购平台] 搜索关键词: 铁塔
[2026-07-21 00:42:12] INFO [scripts.bidding_scraper.utils:152]   找到 90 个结果（共 3 页）
[2026-07-21 00:42:21] INFO [scripts.bidding_scraper.utils:128] [中国铁塔电子采购平台] 搜索关键词: 塔桅
[2026-07-21 00:42:22] INFO [scripts.bidding_scraper.utils:152]   找到 0 个结果（共 3 页）
[2026-07-21 00:42:30] INFO [scripts.bidding_scraper.utils:128] [中国铁塔电子采购平台] 搜索关键词: 广播电视
[2026-07-21 00:42:31] INFO [scripts.bidding_scraper.utils:152]   找到 0 个结果（共 3 页）
[2026-07-21 00:42:36] INFO [scripts.bidding_scraper.utils:128] [中国铁塔电子采购平台] 搜索关键词: 发射台
[2026-07-21 00:42:37] INFO [scripts.bidding_scraper.utils:152]   找到 0 个结果（共 3 页）
[2026-07-21 00:42:43] INFO [scripts.bidding_scraper.utils:128] [中国铁塔电子采购平台] 搜索关键词: 发射塔
[2026-07-21 00:42:44] INFO [scripts.bidding_scraper.utils:152]   找到 0 个结果（共 3 页）
[2026-07-21 00:42:54] INFO [scripts.bidding_scraper.base_crawler:128] [中国铁塔电子采购平台] 成功获取 90 条招标信息
[2026-07-21 00:42:54] INFO [scripts.bidding_scraper.base_crawler:184] 等待 20 秒后继续...
[2026-07-21 00:43:14] INFO [scripts.bidding_scraper.base_crawler:154] [乙方宝] 开始抓取
[2026-07-21 00:43:14] INFO [scripts.bidding_scraper.crawlers.yfbzb:56] [乙方宝] 预热会话（访问首页建立Cookie）...
[2026-07-21 00:43:16] INFO [scripts.bidding_scraper.crawlers.yfbzb:74] [乙方宝] 首页 HTTP 200, 获取 2 个Cookie
[2026-07-21 00:43:16] INFO [scripts.bidding_scraper.crawlers.yfbzb:93] [乙方宝] 搜索关键词: 铁塔
[2026-07-21 00:43:21] INFO [scripts.bidding_scraper.crawlers.yfbzb:93] [乙方宝] 搜索关键词: 塔桅
[2026-07-21 00:43:29] INFO [scripts.bidding_scraper.crawlers.yfbzb:93] [乙方宝] 搜索关键词: 广播电视
[2026-07-21 00:43:35] INFO [scripts.bidding_scraper.crawlers.yfbzb:93] [乙方宝] 搜索关键词: 发射台
[2026-07-21 00:43:41] INFO [scripts.bidding_scraper.crawlers.yfbzb:93] [乙方宝] 搜索关键词: 发射塔
[2026-07-21 00:43:42] INFO [scripts.bidding_scraper.base_crawler:108] [乙方宝] 日期过滤: 0 -> 0 条（最近15天）
[2026-07-21 00:43:42] INFO [scripts.bidding_scraper.base_crawler:128] [乙方宝] 成功获取 0 条招标信息
[2026-07-21 00:43:42] INFO [scripts.bidding_scraper.notification.factory:48] [通知工厂] 已启用 feishu 通知
[2026-07-21 00:43:42] INFO [scripts.bidding_scraper.database:90] 保存新项目: 中国铁塔昆明市分公司2026年B37号采购项目询比（比选）公告
[2026-07-21 00:43:42] INFO [scripts.bidding_scraper.database:90] 保存新项目: 中国铁塔甘肃省分公司2026年白银市会宁县考点电波钟和手机信号屏蔽器升级改造项目-询比公告
[2026-07-21 00:43:42] INFO [scripts.bidding_scraper.database:90] 保存新项目: 中国铁塔西双版纳州分公司2026年B14号采购项目询比（比选）公告
[2026-07-21 00:43:42] INFO [scripts.bidding_scraper.database:90] 保存新项目: 中国铁塔江西省分公司2026年赣州市行业软件平台运营服务项目比选公告
[2026-07-21 00:43:42] INFO [scripts.bidding_scraper.database:90] 保存新项目: 中国铁塔股份有限公司唐山市分公司2026年办公楼维修及区域办事处装修项目（二次）询比公告
[2026-07-21 00:43:42] INFO [scripts.bidding_scraper.database:90] 保存新项目: 中国铁塔股份有限公司唐山市分公司2026年公司广告宣传项目（二次）询比公告
[2026-07-21 00:43:42] INFO [scripts.bidding_scraper.database:90] 保存新项目: 中国铁塔股份有限公司江苏省分公司2026年徐州市分公司徐州铁塔经开区圩子片区通信基础设施施工采购项目
[2026-07-21 00:43:42] INFO [scripts.bidding_scraper.database:90] 保存新项目: 中国铁塔股份有限公司青海省分公司2026年室外一体化机柜空档期采购项目公开询比（比选）公告
[2026-07-21 00:43:42] INFO [scripts.bidding_scraper.database:90] 保存新项目: 中国铁塔股份有限公司河南省分公司基于视频孪生的机场净空障碍物识别和三维测量算法模型研究采购项目比选公
[2026-07-21 00:43:42] INFO [scripts.bidding_scraper.database:90] 保存新项目: 中国铁塔股份有限公司青海省分公司2026年铅酸蓄电池空档期采购项目公开询比（比选）公告
[2026-07-21 00:43:42] INFO [__main__:141] 新增 10 条招标信息
[2026-07-21 00:43:42] INFO [__main__:147] 发送通知到: feishu
[2026-07-21 00:43:44] INFO [scripts.bidding_scraper.notification.feishu:78] [飞书通知] 发送成功，共 10 条信息
[2026-07-21 00:43:44] INFO [__main__:151]   feishu: 成功
[2026-07-21 00:43:44] INFO [scripts.bidding_scraper.output:126] RSS 文件已写入: output/bidding_feed.xml
[2026-07-21 00:43:44] INFO [__main__:180] 
数据源状态:
[2026-07-21 00:43:44] INFO [__main__:183]   [✓] cebpubservice: 0 条
[2026-07-21 00:43:44] INFO [__main__:183]   [✓] chinatowercom: 90 条
[2026-07-21 00:43:44] INFO [__main__:183]   [✓] yfbzb: 0 条
